<?xml version="1.0" encoding="UTF-8"?>
<testng-results ignored="0" total="1" passed="1" failed="0" skipped="0">
  <reporter-output>
  </reporter-output>
  <suite started-at="2023-04-27T22:57:15 IST" name="Suite" finished-at="2023-04-27T22:57:19 IST" duration-ms="3571">
    <groups>
    </groups>
    <test started-at="2023-04-27T22:57:15 IST" name="Test" finished-at="2023-04-27T22:57:19 IST" duration-ms="3571">
      <class name="com.demo.FirstJenkinsTest">
        <test-method signature="firstTest()[pri:0, instance:com.demo.FirstJenkinsTest@4310d43]" started-at="2023-04-27T22:57:15 IST" name="firstTest" finished-at="2023-04-27T22:57:19 IST" duration-ms="3513" status="PASS">
          <reporter-output>
          </reporter-output>
        </test-method> <!-- firstTest -->
      </class> <!-- com.demo.FirstJenkinsTest -->
    </test> <!-- Test -->
  </suite> <!-- Suite -->
</testng-results>
